<?xml version="1.0" encoding="UTF-8"?>
<!-- Generated by org.testng.reporters.JUnitXMLReporter -->
<testsuite hostname="LAPTOP-KTRJ9C90" failures="0" tests="1" name="Validating title in the page" time="1.189" errors="0" timestamp="10 Mar 2022 14:05:52 GMT">
  <testcase classname="e2eproject.ValidTitle" name="@BeforeTest initialize" time="0.0">
    <failure type="org.openqa.selenium.SessionNotCreatedException" message="session not created: This version of ChromeDriver only supports Chrome version 88
Current browser version is 99.0.4844.51 with binary path C:\Program Files (x86)\Google\Chrome\Application\chrome.exe
Build info: version: &amp;apos;3.141.59&amp;apos;, revision: &amp;apos;e82be7d358&amp;apos;, time: &amp;apos;2018-11-14T08:17:03&amp;apos;
System info: host: &amp;apos;LAPTOP-KTRJ9C90&amp;apos;, ip: &amp;apos;192.168.101.8&amp;apos;, os.name: &amp;apos;Windows 10&amp;apos;, os.arch: &amp;apos;amd64&amp;apos;, os.version: &amp;apos;10.0&amp;apos;, java.version: &amp;apos;11.0.10&amp;apos;
Driver info: driver.version: ChromeDriver
remote stacktrace: Backtrace:
	GetHandleVerifier [0x00BEB963+483]
	GetHandleVerifier [0x00BEB941+449]
	GetHandleVerifier [0x00F93308+3832712]
	GetHandleVerifier [0x00FAD69A+3940122]
	GetHandleVerifier [0x00FA9AFB+3924859]
	GetHandleVerifier [0x00FA7D9C+3917340]
	GetHandleVerifier [0x00FCE7FE+4075646]
	GetHandleVerifier [0x00FCE56C+4074988]
	GetHandleVerifier [0x00FCB2EB+4062059]
	GetHandleVerifier [0x00FAED14+3945876]
	GetHandleVerifier [0x00FAFBCE+3949646]
	GetHandleVerifier [0x00FAFB59+3949529]
	Ordinal0 [0x00BAB5CC+46540]
	Ordinal0 [0x00BA9F53+40787]
	Ordinal0 [0x00BA9B12+39698]
	GetHandleVerifier [0x00EB1468+2907368]
	GetHandleVerifier [0x00CF71EE+1096302]
	GetHandleVerifier [0x00CB3E8D+821005]
	GetHandleVerifier [0x00CB396B+819691]
	GetHandleVerifier [0x00CB3881+819457]
	GetHandleVerifier [0x00CDF463+998627]
	BaseThreadInitThunk [0x75F16739+25]
	RtlGetFullPathName_UEx [0x771A8E7F+1215]
	RtlGetFullPathName_UEx [0x771A8E4D+1165]
">
      <![CDATA[org.openqa.selenium.SessionNotCreatedException: session not created: This version of ChromeDriver only supports Chrome version 88
Current browser version is 99.0.4844.51 with binary path C:\Program Files (x86)\Google\Chrome\Application\chrome.exe
Build info: version: '3.141.59', revision: 'e82be7d358', time: '2018-11-14T08:17:03'
System info: host: 'LAPTOP-KTRJ9C90', ip: '192.168.101.8', os.name: 'Windows 10', os.arch: 'amd64', os.version: '10.0', java.version: '11.0.10'
Driver info: driver.version: ChromeDriver
remote stacktrace: Backtrace:
	GetHandleVerifier [0x00BEB963+483]
	GetHandleVerifier [0x00BEB941+449]
	GetHandleVerifier [0x00F93308+3832712]
	GetHandleVerifier [0x00FAD69A+3940122]
	GetHandleVerifier [0x00FA9AFB+3924859]
	GetHandleVerifier [0x00FA7D9C+3917340]
	GetHandleVerifier [0x00FCE7FE+4075646]
	GetHandleVerifier [0x00FCE56C+4074988]
	GetHandleVerifier [0x00FCB2EB+4062059]
	GetHandleVerifier [0x00FAED14+3945876]
	GetHandleVerifier [0x00FAFBCE+3949646]
	GetHandleVerifier [0x00FAFB59+3949529]
	Ordinal0 [0x00BAB5CC+46540]
	Ordinal0 [0x00BA9F53+40787]
	Ordinal0 [0x00BA9B12+39698]
	GetHandleVerifier [0x00EB1468+2907368]
	GetHandleVerifier [0x00CF71EE+1096302]
	GetHandleVerifier [0x00CB3E8D+821005]
	GetHandleVerifier [0x00CB396B+819691]
	GetHandleVerifier [0x00CB3881+819457]
	GetHandleVerifier [0x00CDF463+998627]
	BaseThreadInitThunk [0x75F16739+25]
	RtlGetFullPathName_UEx [0x771A8E7F+1215]
	RtlGetFullPathName_UEx [0x771A8E4D+1165]

	at org.openqa.selenium.remote.W3CHandshakeResponse.lambda$errorHandler$0(W3CHandshakeResponse.java:62)
	at org.openqa.selenium.remote.HandshakeResponse.lambda$getResponseFunction$0(HandshakeResponse.java:30)
	at org.openqa.selenium.remote.ProtocolHandshake.lambda$createSession$0(ProtocolHandshake.java:126)
	at java.base/java.util.stream.ReferencePipeline$3$1.accept(ReferencePipeline.java:195)
	at java.base/java.util.Spliterators$ArraySpliterator.tryAdvance(Spliterators.java:958)
	at java.base/java.util.stream.ReferencePipeline.forEachWithCancel(ReferencePipeline.java:127)
	at java.base/java.util.stream.AbstractPipeline.copyIntoWithCancel(AbstractPipeline.java:502)
	at java.base/java.util.stream.AbstractPipeline.copyInto(AbstractPipeline.java:488)
	at java.base/java.util.stream.AbstractPipeline.wrapAndCopyInto(AbstractPipeline.java:474)
	at java.base/java.util.stream.FindOps$FindOp.evaluateSequential(FindOps.java:150)
	at java.base/java.util.stream.AbstractPipeline.evaluate(AbstractPipeline.java:234)
	at java.base/java.util.stream.ReferencePipeline.findFirst(ReferencePipeline.java:543)
	at org.openqa.selenium.remote.ProtocolHandshake.createSession(ProtocolHandshake.java:128)
	at org.openqa.selenium.remote.ProtocolHandshake.createSession(ProtocolHandshake.java:74)
	at org.openqa.selenium.remote.HttpCommandExecutor.execute(HttpCommandExecutor.java:136)
	at org.openqa.selenium.remote.service.DriverCommandExecutor.execute(DriverCommandExecutor.java:83)
	at org.openqa.selenium.remote.RemoteWebDriver.execute(RemoteWebDriver.java:552)
	at org.openqa.selenium.remote.RemoteWebDriver.startSession(RemoteWebDriver.java:213)
	at org.openqa.selenium.remote.RemoteWebDriver.<init>(RemoteWebDriver.java:131)
	at org.openqa.selenium.chrome.ChromeDriver.<init>(ChromeDriver.java:181)
	at org.openqa.selenium.chrome.ChromeDriver.<init>(ChromeDriver.java:168)
	at org.openqa.selenium.chrome.ChromeDriver.<init>(ChromeDriver.java:123)
	at resources.Base.initializeDriver(Base.java:33)
	at e2eproject.ValidTitle.initialize(ValidTitle.java:28)
... Removed 26 stack frames]]>
    </failure>
  </testcase> <!-- @BeforeTest initialize -->
  <testcase classname="e2eproject.ValidTitle" name="@AfterTest tearDown" time="0.0">
    <skipped/>
  </testcase> <!-- @AfterTest tearDown -->
  <testcase classname="e2eproject.ValidTitle" name="basePageNavigation3" time="0.0">
    <skipped/>
  </testcase> <!-- basePageNavigation3 -->
</testsuite> <!-- Validating title in the page -->
