<?xml version="1.0" encoding="UTF-8"?>
<testng-results total="4" passed="0" failed="0" skipped="4">
  <reporter-output>
  </reporter-output>
  <suite started-at="2022-03-10T14:05:48Z" name="Suite" finished-at="2022-03-10T14:05:53Z" duration-ms="5105">
    <groups>
    </groups>
    <test started-at="2022-03-10T14:05:48Z" name="Validating user login" finished-at="2022-03-10T14:05:50Z" duration-ms="2279">
      <class name="e2eproject.HomePage">
        <test-method is-config="true" signature="initialize()[pri:0, instance:e2eproject.HomePage@18c5069b]" started-at="2022-03-10T19:35:48Z" name="initialize" finished-at="2022-03-10T19:35:48Z" duration-ms="0" status="FAIL">
          <exception class="org.openqa.selenium.SessionNotCreatedException">
            <message>
              <![CDATA[session not created: This version of ChromeDriver only supports Chrome version 88
Current browser version is 99.0.4844.51 with binary path C:\Program Files (x86)\Google\Chrome\Application\chrome.exe
Build info: version: '3.141.59', revision: 'e82be7d358', time: '2018-11-14T08:17:03'
System info: host: 'LAPTOP-KTRJ9C90', ip: '192.168.101.8', os.name: 'Windows 10', os.arch: 'amd64', os.version: '10.0', java.version: '11.0.10'
Driver info: driver.version: ChromeDriver
remote stacktrace: Backtrace:
	GetHandleVerifier [0x00BEB963+483]
	GetHandleVerifier [0x00BEB941+449]
	GetHandleVerifier [0x00F93308+3832712]
	GetHandleVerifier [0x00FAD69A+3940122]
	GetHandleVerifier [0x00FA9AFB+3924859]
	GetHandleVerifier [0x00FA7D9C+3917340]
	GetHandleVerifier [0x00FCE7FE+4075646]
	GetHandleVerifier [0x00FCE56C+4074988]
	GetHandleVerifier [0x00FCB2EB+4062059]
	GetHandleVerifier [0x00FAED14+3945876]
	GetHandleVerifier [0x00FAFBCE+3949646]
	GetHandleVerifier [0x00FAFB59+3949529]
	Ordinal0 [0x00BAB5CC+46540]
	Ordinal0 [0x00BA9F53+40787]
	Ordinal0 [0x00BA9B12+39698]
	GetHandleVerifier [0x00EB1468+2907368]
	GetHandleVerifier [0x00CF71EE+1096302]
	GetHandleVerifier [0x00CB3E8D+821005]
	GetHandleVerifier [0x00CB396B+819691]
	GetHandleVerifier [0x00CB3881+819457]
	GetHandleVerifier [0x00CDF463+998627]
	BaseThreadInitThunk [0x75F16739+25]
	RtlGetFullPathName_UEx [0x771A8E7F+1215]
	RtlGetFullPathName_UEx [0x771A8E4D+1165]
]]>
            </message>
            <full-stacktrace>
              <![CDATA[org.openqa.selenium.SessionNotCreatedException: session not created: This version of ChromeDriver only supports Chrome version 88
Current browser version is 99.0.4844.51 with binary path C:\Program Files (x86)\Google\Chrome\Application\chrome.exe
Build info: version: '3.141.59', revision: 'e82be7d358', time: '2018-11-14T08:17:03'
System info: host: 'LAPTOP-KTRJ9C90', ip: '192.168.101.8', os.name: 'Windows 10', os.arch: 'amd64', os.version: '10.0', java.version: '11.0.10'
Driver info: driver.version: ChromeDriver
remote stacktrace: Backtrace:
	GetHandleVerifier [0x00BEB963+483]
	GetHandleVerifier [0x00BEB941+449]
	GetHandleVerifier [0x00F93308+3832712]
	GetHandleVerifier [0x00FAD69A+3940122]
	GetHandleVerifier [0x00FA9AFB+3924859]
	GetHandleVerifier [0x00FA7D9C+3917340]
	GetHandleVerifier [0x00FCE7FE+4075646]
	GetHandleVerifier [0x00FCE56C+4074988]
	GetHandleVerifier [0x00FCB2EB+4062059]
	GetHandleVerifier [0x00FAED14+3945876]
	GetHandleVerifier [0x00FAFBCE+3949646]
	GetHandleVerifier [0x00FAFB59+3949529]
	Ordinal0 [0x00BAB5CC+46540]
	Ordinal0 [0x00BA9F53+40787]
	Ordinal0 [0x00BA9B12+39698]
	GetHandleVerifier [0x00EB1468+2907368]
	GetHandleVerifier [0x00CF71EE+1096302]
	GetHandleVerifier [0x00CB3E8D+821005]
	GetHandleVerifier [0x00CB396B+819691]
	GetHandleVerifier [0x00CB3881+819457]
	GetHandleVerifier [0x00CDF463+998627]
	BaseThreadInitThunk [0x75F16739+25]
	RtlGetFullPathName_UEx [0x771A8E7F+1215]
	RtlGetFullPathName_UEx [0x771A8E4D+1165]

	at java.base/jdk.internal.reflect.NativeConstructorAccessorImpl.newInstance0(Native Method)
	at java.base/jdk.internal.reflect.NativeConstructorAccessorImpl.newInstance(NativeConstructorAccessorImpl.java:62)
	at java.base/jdk.internal.reflect.DelegatingConstructorAccessorImpl.newInstance(DelegatingConstructorAccessorImpl.java:45)
	at java.base/java.lang.reflect.Constructor.newInstance(Constructor.java:490)
	at org.openqa.selenium.remote.W3CHandshakeResponse.lambda$errorHandler$0(W3CHandshakeResponse.java:62)
	at org.openqa.selenium.remote.HandshakeResponse.lambda$getResponseFunction$0(HandshakeResponse.java:30)
	at org.openqa.selenium.remote.ProtocolHandshake.lambda$createSession$0(ProtocolHandshake.java:126)
	at java.base/java.util.stream.ReferencePipeline$3$1.accept(ReferencePipeline.java:195)
	at java.base/java.util.Spliterators$ArraySpliterator.tryAdvance(Spliterators.java:958)
	at java.base/java.util.stream.ReferencePipeline.forEachWithCancel(ReferencePipeline.java:127)
	at java.base/java.util.stream.AbstractPipeline.copyIntoWithCancel(AbstractPipeline.java:502)
	at java.base/java.util.stream.AbstractPipeline.copyInto(AbstractPipeline.java:488)
	at java.base/java.util.stream.AbstractPipeline.wrapAndCopyInto(AbstractPipeline.java:474)
	at java.base/java.util.stream.FindOps$FindOp.evaluateSequential(FindOps.java:150)
	at java.base/java.util.stream.AbstractPipeline.evaluate(AbstractPipeline.java:234)
	at java.base/java.util.stream.ReferencePipeline.findFirst(ReferencePipeline.java:543)
	at org.openqa.selenium.remote.ProtocolHandshake.createSession(ProtocolHandshake.java:128)
	at org.openqa.selenium.remote.ProtocolHandshake.createSession(ProtocolHandshake.java:74)
	at org.openqa.selenium.remote.HttpCommandExecutor.execute(HttpCommandExecutor.java:136)
	at org.openqa.selenium.remote.service.DriverCommandExecutor.execute(DriverCommandExecutor.java:83)
	at org.openqa.selenium.remote.RemoteWebDriver.execute(RemoteWebDriver.java:552)
	at org.openqa.selenium.remote.RemoteWebDriver.startSession(RemoteWebDriver.java:213)
	at org.openqa.selenium.remote.RemoteWebDriver.<init>(RemoteWebDriver.java:131)
	at org.openqa.selenium.chrome.ChromeDriver.<init>(ChromeDriver.java:181)
	at org.openqa.selenium.chrome.ChromeDriver.<init>(ChromeDriver.java:168)
	at org.openqa.selenium.chrome.ChromeDriver.<init>(ChromeDriver.java:123)
	at resources.Base.initializeDriver(Base.java:33)
	at e2eproject.HomePage.initialize(HomePage.java:24)
	at java.base/jdk.internal.reflect.NativeMethodAccessorImpl.invoke0(Native Method)
	at java.base/jdk.internal.reflect.NativeMethodAccessorImpl.invoke(NativeMethodAccessorImpl.java:62)
	at java.base/jdk.internal.reflect.DelegatingMethodAccessorImpl.invoke(DelegatingMethodAccessorImpl.java:43)
	at java.base/java.lang.reflect.Method.invoke(Method.java:566)
	at org.testng.internal.MethodInvocationHelper.invokeMethod(MethodInvocationHelper.java:80)
	at org.testng.internal.Invoker.invokeConfigurationMethod(Invoker.java:564)
	at org.testng.internal.Invoker.invokeConfigurations(Invoker.java:213)
	at org.testng.internal.Invoker.invokeConfigurations(Invoker.java:138)
	at org.testng.TestRunner.beforeRun(TestRunner.java:641)
	at org.testng.TestRunner.run(TestRunner.java:609)
	at org.testng.SuiteRunner.runTest(SuiteRunner.java:334)
	at org.testng.SuiteRunner.runSequentially(SuiteRunner.java:329)
	at org.testng.SuiteRunner.privateRun(SuiteRunner.java:291)
	at org.testng.SuiteRunner.run(SuiteRunner.java:240)
	at org.testng.SuiteRunnerWorker.runSuite(SuiteRunnerWorker.java:52)
	at org.testng.SuiteRunnerWorker.run(SuiteRunnerWorker.java:86)
	at org.testng.TestNG.runSuitesSequentially(TestNG.java:1198)
	at org.testng.TestNG.runSuitesLocally(TestNG.java:1123)
	at org.testng.TestNG.run(TestNG.java:1031)
	at org.testng.remote.AbstractRemoteTestNG.run(AbstractRemoteTestNG.java:115)
	at org.testng.remote.RemoteTestNG.initAndRun(RemoteTestNG.java:251)
	at org.testng.remote.RemoteTestNG.main(RemoteTestNG.java:77)
]]>
            </full-stacktrace>
          </exception> <!-- org.openqa.selenium.SessionNotCreatedException -->
          <reporter-output>
          </reporter-output>
        </test-method> <!-- initialize -->
        <test-method signature="basePageNavigation1(java.lang.String, java.lang.String)[pri:0, instance:e2eproject.HomePage@18c5069b]" started-at="2022-03-10T19:35:50Z" name="basePageNavigation1" data-provider="dp" finished-at="2022-03-10T19:35:50Z" duration-ms="1" status="SKIP">
          <params>
            <param index="0">
              <value>
                <![CDATA[invalid@gmail.com]]>
              </value>
            </param>
            <param index="1">
              <value>
                <![CDATA[pwd123]]>
              </value>
            </param>
          </params>
          <reporter-output>
          </reporter-output>
        </test-method> <!-- basePageNavigation1 -->
        <test-method signature="basePageNavigation1(java.lang.String, java.lang.String)[pri:0, instance:e2eproject.HomePage@18c5069b]" started-at="2022-03-10T19:35:50Z" name="basePageNavigation1" data-provider="dp" finished-at="2022-03-10T19:35:50Z" duration-ms="16" status="SKIP">
          <params>
            <param index="0">
              <value>
                <![CDATA[valid@gmail.com]]>
              </value>
            </param>
            <param index="1">
              <value>
                <![CDATA[pwd456]]>
              </value>
            </param>
          </params>
          <reporter-output>
          </reporter-output>
        </test-method> <!-- basePageNavigation1 -->
        <test-method is-config="true" signature="tearDown()[pri:0, instance:e2eproject.HomePage@18c5069b]" started-at="2022-03-10T19:35:50Z" name="tearDown" finished-at="2022-03-10T19:35:50Z" duration-ms="0" status="SKIP">
          <reporter-output>
          </reporter-output>
        </test-method> <!-- tearDown -->
      </class> <!-- e2eproject.HomePage -->
    </test> <!-- Validating user login -->
    <test started-at="2022-03-10T14:05:50Z" name="Validating title in the page" finished-at="2022-03-10T14:05:52Z" duration-ms="1189">
      <class name="e2eproject.ValidTitle">
        <test-method is-config="true" signature="initialize()[pri:0, instance:e2eproject.ValidTitle@4b7e96a]" started-at="2022-03-10T19:35:50Z" name="initialize" finished-at="2022-03-10T19:35:50Z" duration-ms="0" status="FAIL">
          <exception class="org.openqa.selenium.SessionNotCreatedException">
            <message>
              <![CDATA[session not created: This version of ChromeDriver only supports Chrome version 88
Current browser version is 99.0.4844.51 with binary path C:\Program Files (x86)\Google\Chrome\Application\chrome.exe
Build info: version: '3.141.59', revision: 'e82be7d358', time: '2018-11-14T08:17:03'
System info: host: 'LAPTOP-KTRJ9C90', ip: '192.168.101.8', os.name: 'Windows 10', os.arch: 'amd64', os.version: '10.0', java.version: '11.0.10'
Driver info: driver.version: ChromeDriver
remote stacktrace: Backtrace:
	GetHandleVerifier [0x00BEB963+483]
	GetHandleVerifier [0x00BEB941+449]
	GetHandleVerifier [0x00F93308+3832712]
	GetHandleVerifier [0x00FAD69A+3940122]
	GetHandleVerifier [0x00FA9AFB+3924859]
	GetHandleVerifier [0x00FA7D9C+3917340]
	GetHandleVerifier [0x00FCE7FE+4075646]
	GetHandleVerifier [0x00FCE56C+4074988]
	GetHandleVerifier [0x00FCB2EB+4062059]
	GetHandleVerifier [0x00FAED14+3945876]
	GetHandleVerifier [0x00FAFBCE+3949646]
	GetHandleVerifier [0x00FAFB59+3949529]
	Ordinal0 [0x00BAB5CC+46540]
	Ordinal0 [0x00BA9F53+40787]
	Ordinal0 [0x00BA9B12+39698]
	GetHandleVerifier [0x00EB1468+2907368]
	GetHandleVerifier [0x00CF71EE+1096302]
	GetHandleVerifier [0x00CB3E8D+821005]
	GetHandleVerifier [0x00CB396B+819691]
	GetHandleVerifier [0x00CB3881+819457]
	GetHandleVerifier [0x00CDF463+998627]
	BaseThreadInitThunk [0x75F16739+25]
	RtlGetFullPathName_UEx [0x771A8E7F+1215]
	RtlGetFullPathName_UEx [0x771A8E4D+1165]
]]>
            </message>
            <full-stacktrace>
              <![CDATA[org.openqa.selenium.SessionNotCreatedException: session not created: This version of ChromeDriver only supports Chrome version 88
Current browser version is 99.0.4844.51 with binary path C:\Program Files (x86)\Google\Chrome\Application\chrome.exe
Build info: version: '3.141.59', revision: 'e82be7d358', time: '2018-11-14T08:17:03'
System info: host: 'LAPTOP-KTRJ9C90', ip: '192.168.101.8', os.name: 'Windows 10', os.arch: 'amd64', os.version: '10.0', java.version: '11.0.10'
Driver info: driver.version: ChromeDriver
remote stacktrace: Backtrace:
	GetHandleVerifier [0x00BEB963+483]
	GetHandleVerifier [0x00BEB941+449]
	GetHandleVerifier [0x00F93308+3832712]
	GetHandleVerifier [0x00FAD69A+3940122]
	GetHandleVerifier [0x00FA9AFB+3924859]
	GetHandleVerifier [0x00FA7D9C+3917340]
	GetHandleVerifier [0x00FCE7FE+4075646]
	GetHandleVerifier [0x00FCE56C+4074988]
	GetHandleVerifier [0x00FCB2EB+4062059]
	GetHandleVerifier [0x00FAED14+3945876]
	GetHandleVerifier [0x00FAFBCE+3949646]
	GetHandleVerifier [0x00FAFB59+3949529]
	Ordinal0 [0x00BAB5CC+46540]
	Ordinal0 [0x00BA9F53+40787]
	Ordinal0 [0x00BA9B12+39698]
	GetHandleVerifier [0x00EB1468+2907368]
	GetHandleVerifier [0x00CF71EE+1096302]
	GetHandleVerifier [0x00CB3E8D+821005]
	GetHandleVerifier [0x00CB396B+819691]
	GetHandleVerifier [0x00CB3881+819457]
	GetHandleVerifier [0x00CDF463+998627]
	BaseThreadInitThunk [0x75F16739+25]
	RtlGetFullPathName_UEx [0x771A8E7F+1215]
	RtlGetFullPathName_UEx [0x771A8E4D+1165]

	at java.base/jdk.internal.reflect.NativeConstructorAccessorImpl.newInstance0(Native Method)
	at java.base/jdk.internal.reflect.NativeConstructorAccessorImpl.newInstance(NativeConstructorAccessorImpl.java:62)
	at java.base/jdk.internal.reflect.DelegatingConstructorAccessorImpl.newInstance(DelegatingConstructorAccessorImpl.java:45)
	at java.base/java.lang.reflect.Constructor.newInstance(Constructor.java:490)
	at org.openqa.selenium.remote.W3CHandshakeResponse.lambda$errorHandler$0(W3CHandshakeResponse.java:62)
	at org.openqa.selenium.remote.HandshakeResponse.lambda$getResponseFunction$0(HandshakeResponse.java:30)
	at org.openqa.selenium.remote.ProtocolHandshake.lambda$createSession$0(ProtocolHandshake.java:126)
	at java.base/java.util.stream.ReferencePipeline$3$1.accept(ReferencePipeline.java:195)
	at java.base/java.util.Spliterators$ArraySpliterator.tryAdvance(Spliterators.java:958)
	at java.base/java.util.stream.ReferencePipeline.forEachWithCancel(ReferencePipeline.java:127)
	at java.base/java.util.stream.AbstractPipeline.copyIntoWithCancel(AbstractPipeline.java:502)
	at java.base/java.util.stream.AbstractPipeline.copyInto(AbstractPipeline.java:488)
	at java.base/java.util.stream.AbstractPipeline.wrapAndCopyInto(AbstractPipeline.java:474)
	at java.base/java.util.stream.FindOps$FindOp.evaluateSequential(FindOps.java:150)
	at java.base/java.util.stream.AbstractPipeline.evaluate(AbstractPipeline.java:234)
	at java.base/java.util.stream.ReferencePipeline.findFirst(ReferencePipeline.java:543)
	at org.openqa.selenium.remote.ProtocolHandshake.createSession(ProtocolHandshake.java:128)
	at org.openqa.selenium.remote.ProtocolHandshake.createSession(ProtocolHandshake.java:74)
	at org.openqa.selenium.remote.HttpCommandExecutor.execute(HttpCommandExecutor.java:136)
	at org.openqa.selenium.remote.service.DriverCommandExecutor.execute(DriverCommandExecutor.java:83)
	at org.openqa.selenium.remote.RemoteWebDriver.execute(RemoteWebDriver.java:552)
	at org.openqa.selenium.remote.RemoteWebDriver.startSession(RemoteWebDriver.java:213)
	at org.openqa.selenium.remote.RemoteWebDriver.<init>(RemoteWebDriver.java:131)
	at org.openqa.selenium.chrome.ChromeDriver.<init>(ChromeDriver.java:181)
	at org.openqa.selenium.chrome.ChromeDriver.<init>(ChromeDriver.java:168)
	at org.openqa.selenium.chrome.ChromeDriver.<init>(ChromeDriver.java:123)
	at resources.Base.initializeDriver(Base.java:33)
	at e2eproject.ValidTitle.initialize(ValidTitle.java:28)
	at java.base/jdk.internal.reflect.NativeMethodAccessorImpl.invoke0(Native Method)
	at java.base/jdk.internal.reflect.NativeMethodAccessorImpl.invoke(NativeMethodAccessorImpl.java:62)
	at java.base/jdk.internal.reflect.DelegatingMethodAccessorImpl.invoke(DelegatingMethodAccessorImpl.java:43)
	at java.base/java.lang.reflect.Method.invoke(Method.java:566)
	at org.testng.internal.MethodInvocationHelper.invokeMethod(MethodInvocationHelper.java:80)
	at org.testng.internal.Invoker.invokeConfigurationMethod(Invoker.java:564)
	at org.testng.internal.Invoker.invokeConfigurations(Invoker.java:213)
	at org.testng.internal.Invoker.invokeConfigurations(Invoker.java:138)
	at org.testng.TestRunner.beforeRun(TestRunner.java:641)
	at org.testng.TestRunner.run(TestRunner.java:609)
	at org.testng.SuiteRunner.runTest(SuiteRunner.java:334)
	at org.testng.SuiteRunner.runSequentially(SuiteRunner.java:329)
	at org.testng.SuiteRunner.privateRun(SuiteRunner.java:291)
	at org.testng.SuiteRunner.run(SuiteRunner.java:240)
	at org.testng.SuiteRunnerWorker.runSuite(SuiteRunnerWorker.java:52)
	at org.testng.SuiteRunnerWorker.run(SuiteRunnerWorker.java:86)
	at org.testng.TestNG.runSuitesSequentially(TestNG.java:1198)
	at org.testng.TestNG.runSuitesLocally(TestNG.java:1123)
	at org.testng.TestNG.run(TestNG.java:1031)
	at org.testng.remote.AbstractRemoteTestNG.run(AbstractRemoteTestNG.java:115)
	at org.testng.remote.RemoteTestNG.initAndRun(RemoteTestNG.java:251)
	at org.testng.remote.RemoteTestNG.main(RemoteTestNG.java:77)
]]>
            </full-stacktrace>
          </exception> <!-- org.openqa.selenium.SessionNotCreatedException -->
          <reporter-output>
          </reporter-output>
        </test-method> <!-- initialize -->
        <test-method is-config="true" signature="tearDown()[pri:0, instance:e2eproject.ValidTitle@4b7e96a]" started-at="2022-03-10T19:35:52Z" name="tearDown" finished-at="2022-03-10T19:35:52Z" duration-ms="0" status="SKIP">
          <reporter-output>
          </reporter-output>
        </test-method> <!-- tearDown -->
        <test-method signature="basePageNavigation3()[pri:0, instance:e2eproject.ValidTitle@4b7e96a]" started-at="2022-03-10T19:35:52Z" name="basePageNavigation3" finished-at="2022-03-10T19:35:52Z" duration-ms="0" status="SKIP">
          <reporter-output>
          </reporter-output>
        </test-method> <!-- basePageNavigation3 -->
      </class> <!-- e2eproject.ValidTitle -->
    </test> <!-- Validating title in the page -->
    <test started-at="2022-03-10T14:05:52Z" name="Validating navigation bar" finished-at="2022-03-10T14:05:53Z" duration-ms="1236">
      <class name="e2eproject.validateNavi">
        <test-method is-config="true" signature="initialize()[pri:0, instance:e2eproject.validateNavi@25bc0606]" started-at="2022-03-10T19:35:52Z" name="initialize" finished-at="2022-03-10T19:35:52Z" duration-ms="0" status="FAIL">
          <exception class="org.openqa.selenium.SessionNotCreatedException">
            <message>
              <![CDATA[session not created: This version of ChromeDriver only supports Chrome version 88
Current browser version is 99.0.4844.51 with binary path C:\Program Files (x86)\Google\Chrome\Application\chrome.exe
Build info: version: '3.141.59', revision: 'e82be7d358', time: '2018-11-14T08:17:03'
System info: host: 'LAPTOP-KTRJ9C90', ip: '192.168.101.8', os.name: 'Windows 10', os.arch: 'amd64', os.version: '10.0', java.version: '11.0.10'
Driver info: driver.version: ChromeDriver
remote stacktrace: Backtrace:
	GetHandleVerifier [0x00BEB963+483]
	GetHandleVerifier [0x00BEB941+449]
	GetHandleVerifier [0x00F93308+3832712]
	GetHandleVerifier [0x00FAD69A+3940122]
	GetHandleVerifier [0x00FA9AFB+3924859]
	GetHandleVerifier [0x00FA7D9C+3917340]
	GetHandleVerifier [0x00FCE7FE+4075646]
	GetHandleVerifier [0x00FCE56C+4074988]
	GetHandleVerifier [0x00FCB2EB+4062059]
	GetHandleVerifier [0x00FAED14+3945876]
	GetHandleVerifier [0x00FAFBCE+3949646]
	GetHandleVerifier [0x00FAFB59+3949529]
	Ordinal0 [0x00BAB5CC+46540]
	Ordinal0 [0x00BA9F53+40787]
	Ordinal0 [0x00BA9B12+39698]
	GetHandleVerifier [0x00EB1468+2907368]
	GetHandleVerifier [0x00CF71EE+1096302]
	GetHandleVerifier [0x00CB3E8D+821005]
	GetHandleVerifier [0x00CB396B+819691]
	GetHandleVerifier [0x00CB3881+819457]
	GetHandleVerifier [0x00CDF463+998627]
	BaseThreadInitThunk [0x75F16739+25]
	RtlGetFullPathName_UEx [0x771A8E7F+1215]
	RtlGetFullPathName_UEx [0x771A8E4D+1165]
]]>
            </message>
            <full-stacktrace>
              <![CDATA[org.openqa.selenium.SessionNotCreatedException: session not created: This version of ChromeDriver only supports Chrome version 88
Current browser version is 99.0.4844.51 with binary path C:\Program Files (x86)\Google\Chrome\Application\chrome.exe
Build info: version: '3.141.59', revision: 'e82be7d358', time: '2018-11-14T08:17:03'
System info: host: 'LAPTOP-KTRJ9C90', ip: '192.168.101.8', os.name: 'Windows 10', os.arch: 'amd64', os.version: '10.0', java.version: '11.0.10'
Driver info: driver.version: ChromeDriver
remote stacktrace: Backtrace:
	GetHandleVerifier [0x00BEB963+483]
	GetHandleVerifier [0x00BEB941+449]
	GetHandleVerifier [0x00F93308+3832712]
	GetHandleVerifier [0x00FAD69A+3940122]
	GetHandleVerifier [0x00FA9AFB+3924859]
	GetHandleVerifier [0x00FA7D9C+3917340]
	GetHandleVerifier [0x00FCE7FE+4075646]
	GetHandleVerifier [0x00FCE56C+4074988]
	GetHandleVerifier [0x00FCB2EB+4062059]
	GetHandleVerifier [0x00FAED14+3945876]
	GetHandleVerifier [0x00FAFBCE+3949646]
	GetHandleVerifier [0x00FAFB59+3949529]
	Ordinal0 [0x00BAB5CC+46540]
	Ordinal0 [0x00BA9F53+40787]
	Ordinal0 [0x00BA9B12+39698]
	GetHandleVerifier [0x00EB1468+2907368]
	GetHandleVerifier [0x00CF71EE+1096302]
	GetHandleVerifier [0x00CB3E8D+821005]
	GetHandleVerifier [0x00CB396B+819691]
	GetHandleVerifier [0x00CB3881+819457]
	GetHandleVerifier [0x00CDF463+998627]
	BaseThreadInitThunk [0x75F16739+25]
	RtlGetFullPathName_UEx [0x771A8E7F+1215]
	RtlGetFullPathName_UEx [0x771A8E4D+1165]

	at java.base/jdk.internal.reflect.NativeConstructorAccessorImpl.newInstance0(Native Method)
	at java.base/jdk.internal.reflect.NativeConstructorAccessorImpl.newInstance(NativeConstructorAccessorImpl.java:62)
	at java.base/jdk.internal.reflect.DelegatingConstructorAccessorImpl.newInstance(DelegatingConstructorAccessorImpl.java:45)
	at java.base/java.lang.reflect.Constructor.newInstance(Constructor.java:490)
	at org.openqa.selenium.remote.W3CHandshakeResponse.lambda$errorHandler$0(W3CHandshakeResponse.java:62)
	at org.openqa.selenium.remote.HandshakeResponse.lambda$getResponseFunction$0(HandshakeResponse.java:30)
	at org.openqa.selenium.remote.ProtocolHandshake.lambda$createSession$0(ProtocolHandshake.java:126)
	at java.base/java.util.stream.ReferencePipeline$3$1.accept(ReferencePipeline.java:195)
	at java.base/java.util.Spliterators$ArraySpliterator.tryAdvance(Spliterators.java:958)
	at java.base/java.util.stream.ReferencePipeline.forEachWithCancel(ReferencePipeline.java:127)
	at java.base/java.util.stream.AbstractPipeline.copyIntoWithCancel(AbstractPipeline.java:502)
	at java.base/java.util.stream.AbstractPipeline.copyInto(AbstractPipeline.java:488)
	at java.base/java.util.stream.AbstractPipeline.wrapAndCopyInto(AbstractPipeline.java:474)
	at java.base/java.util.stream.FindOps$FindOp.evaluateSequential(FindOps.java:150)
	at java.base/java.util.stream.AbstractPipeline.evaluate(AbstractPipeline.java:234)
	at java.base/java.util.stream.ReferencePipeline.findFirst(ReferencePipeline.java:543)
	at org.openqa.selenium.remote.ProtocolHandshake.createSession(ProtocolHandshake.java:128)
	at org.openqa.selenium.remote.ProtocolHandshake.createSession(ProtocolHandshake.java:74)
	at org.openqa.selenium.remote.HttpCommandExecutor.execute(HttpCommandExecutor.java:136)
	at org.openqa.selenium.remote.service.DriverCommandExecutor.execute(DriverCommandExecutor.java:83)
	at org.openqa.selenium.remote.RemoteWebDriver.execute(RemoteWebDriver.java:552)
	at org.openqa.selenium.remote.RemoteWebDriver.startSession(RemoteWebDriver.java:213)
	at org.openqa.selenium.remote.RemoteWebDriver.<init>(RemoteWebDriver.java:131)
	at org.openqa.selenium.chrome.ChromeDriver.<init>(ChromeDriver.java:181)
	at org.openqa.selenium.chrome.ChromeDriver.<init>(ChromeDriver.java:168)
	at org.openqa.selenium.chrome.ChromeDriver.<init>(ChromeDriver.java:123)
	at resources.Base.initializeDriver(Base.java:33)
	at e2eproject.validateNavi.initialize(validateNavi.java:27)
	at java.base/jdk.internal.reflect.NativeMethodAccessorImpl.invoke0(Native Method)
	at java.base/jdk.internal.reflect.NativeMethodAccessorImpl.invoke(NativeMethodAccessorImpl.java:62)
	at java.base/jdk.internal.reflect.DelegatingMethodAccessorImpl.invoke(DelegatingMethodAccessorImpl.java:43)
	at java.base/java.lang.reflect.Method.invoke(Method.java:566)
	at org.testng.internal.MethodInvocationHelper.invokeMethod(MethodInvocationHelper.java:80)
	at org.testng.internal.Invoker.invokeConfigurationMethod(Invoker.java:564)
	at org.testng.internal.Invoker.invokeConfigurations(Invoker.java:213)
	at org.testng.internal.Invoker.invokeConfigurations(Invoker.java:138)
	at org.testng.TestRunner.beforeRun(TestRunner.java:641)
	at org.testng.TestRunner.run(TestRunner.java:609)
	at org.testng.SuiteRunner.runTest(SuiteRunner.java:334)
	at org.testng.SuiteRunner.runSequentially(SuiteRunner.java:329)
	at org.testng.SuiteRunner.privateRun(SuiteRunner.java:291)
	at org.testng.SuiteRunner.run(SuiteRunner.java:240)
	at org.testng.SuiteRunnerWorker.runSuite(SuiteRunnerWorker.java:52)
	at org.testng.SuiteRunnerWorker.run(SuiteRunnerWorker.java:86)
	at org.testng.TestNG.runSuitesSequentially(TestNG.java:1198)
	at org.testng.TestNG.runSuitesLocally(TestNG.java:1123)
	at org.testng.TestNG.run(TestNG.java:1031)
	at org.testng.remote.AbstractRemoteTestNG.run(AbstractRemoteTestNG.java:115)
	at org.testng.remote.RemoteTestNG.initAndRun(RemoteTestNG.java:251)
	at org.testng.remote.RemoteTestNG.main(RemoteTestNG.java:77)
]]>
            </full-stacktrace>
          </exception> <!-- org.openqa.selenium.SessionNotCreatedException -->
          <reporter-output>
          </reporter-output>
        </test-method> <!-- initialize -->
        <test-method is-config="true" signature="tearDown()[pri:0, instance:e2eproject.validateNavi@25bc0606]" started-at="2022-03-10T19:35:53Z" name="tearDown" finished-at="2022-03-10T19:35:53Z" duration-ms="0" status="SKIP">
          <reporter-output>
          </reporter-output>
        </test-method> <!-- tearDown -->
        <test-method signature="basePageNavigation2()[pri:0, instance:e2eproject.validateNavi@25bc0606]" started-at="2022-03-10T19:35:53Z" name="basePageNavigation2" finished-at="2022-03-10T19:35:53Z" duration-ms="0" status="SKIP">
          <reporter-output>
          </reporter-output>
        </test-method> <!-- basePageNavigation2 -->
      </class> <!-- e2eproject.validateNavi -->
    </test> <!-- Validating navigation bar -->
  </suite> <!-- Suite -->
</testng-results>
